Build started 19/04/2012 23:11:22.
     1>Project "C:\Users\Xv\Documents\Visual Studio 2010\LamXuanVinh_Ad2N\Add2N\Add2N\Add2N.vcxproj" on node 2 (build target(s)).
     1>InitializeBuildStatus:
         Creating "Debug\Add2N.unsuccessfulbuild" because "AlwaysCreate" was specified.
       ClCompile:
         C:\Program Files\Microsoft Visual Studio 10.0\VC\bin\CL.exe /c /ZI /nologo /W3 /WX- /Od /Oy- /D WIN32 /D _DEBUG /D _CONSOLE /D _UNICODE /D UNICODE /Gm /EHsc /RTC1 /MDd /GS /fp:precise /Zc:wchar_t /Zc:forScope /Fo"Debug\\" /Fd"Debug\vc100.pdb" /Gd /TP /analyze- /errorReport:prompt Add2N.cpp
         Add2N.cpp
     1>c:\users\xv\documents\visual studio 2010\lamxuanvinh_ad2n\add2n\add2n\add2n.cpp(9): warning C4996: 'strrev': The POSIX name for this item is deprecated. Instead, use the ISO C++ conformant name: _strrev. See online help for details.
                 c:\program files\microsoft visual studio 10.0\vc\include\string.h(250) : see declaration of 'strrev'
     1>c:\users\xv\documents\visual studio 2010\lamxuanvinh_ad2n\add2n\add2n\add2n.cpp(10): warning C4996: 'strrev': The POSIX name for this item is deprecated. Instead, use the ISO C++ conformant name: _strrev. See online help for details.
                 c:\program files\microsoft visual studio 10.0\vc\include\string.h(250) : see declaration of 'strrev'
     1>c:\users\xv\documents\visual studio 2010\lamxuanvinh_ad2n\add2n\add2n\add2n.cpp(13): warning C4018: '>' : signed/unsigned mismatch
     1>c:\users\xv\documents\visual studio 2010\lamxuanvinh_ad2n\add2n\add2n\add2n.cpp(16): warning C4018: '>' : signed/unsigned mismatch
     1>c:\users\xv\documents\visual studio 2010\lamxuanvinh_ad2n\add2n\add2n\add2n.cpp(18): warning C4018: '>' : signed/unsigned mismatch
     1>c:\users\xv\documents\visual studio 2010\lamxuanvinh_ad2n\add2n\add2n\add2n.cpp(21): warning C4996: 'itoa': The POSIX name for this item is deprecated. Instead, use the ISO C++ conformant name: _itoa. See online help for details.
                 c:\program files\microsoft visual studio 10.0\vc\include\stdlib.h(867) : see declaration of 'itoa'
     1>c:\users\xv\documents\visual studio 2010\lamxuanvinh_ad2n\add2n\add2n\add2n.cpp(25): warning C4996: 'itoa': The POSIX name for this item is deprecated. Instead, use the ISO C++ conformant name: _itoa. See online help for details.
                 c:\program files\microsoft visual studio 10.0\vc\include\stdlib.h(867) : see declaration of 'itoa'
     1>c:\users\xv\documents\visual studio 2010\lamxuanvinh_ad2n\add2n\add2n\add2n.cpp(30): warning C4018: '<' : signed/unsigned mismatch
     1>c:\users\xv\documents\visual studio 2010\lamxuanvinh_ad2n\add2n\add2n\add2n.cpp(58): warning C4309: 'initializing' : truncation of constant value
     1>c:\users\xv\documents\visual studio 2010\lamxuanvinh_ad2n\add2n\add2n\add2n.cpp(60): warning C4996: 'strrev': The POSIX name for this item is deprecated. Instead, use the ISO C++ conformant name: _strrev. See online help for details.
                 c:\program files\microsoft visual studio 10.0\vc\include\string.h(250) : see declaration of 'strrev'
     1>c:\users\xv\documents\visual studio 2010\lamxuanvinh_ad2n\add2n\add2n\add2n.cpp(61): warning C4996: 'strrev': The POSIX name for this item is deprecated. Instead, use the ISO C++ conformant name: _strrev. See online help for details.
                 c:\program files\microsoft visual studio 10.0\vc\include\string.h(250) : see declaration of 'strrev'
       ManifestResourceCompile:
         C:\Program Files\Microsoft SDKs\Windows\v7.0A\bin\rc.exe /nologo /fo"Debug\Add2N.exe.embed.manifest.res" Debug\Add2N_manifest.rc 
       Link:
         C:\Program Files\Microsoft Visual Studio 10.0\VC\bin\link.exe /ERRORREPORT:PROMPT /OUT:"C:\Users\Xv\Documents\Visual Studio 2010\LamXuanVinh_Ad2N\Add2N\Debug\Add2N.exe" /INCREMENTAL /NOLOGO kernel32.lib user32.lib gdi32.lib winspool.lib comdlg32.lib advapi32.lib shell32.lib ole32.lib oleaut32.lib uuid.lib odbc32.lib odbccp32.lib /MANIFEST /ManifestFile:"Debug\Add2N.exe.intermediate.manifest" /MANIFESTUAC:"level='asInvoker' uiAccess='false'" /DEBUG /PDB:"C:\Users\Xv\Documents\Visual Studio 2010\LamXuanVinh_Ad2N\Add2N\Debug\Add2N.pdb" /SUBSYSTEM:CONSOLE /TLBID:1 /DYNAMICBASE /NXCOMPAT /IMPLIB:"C:\Users\Xv\Documents\Visual Studio 2010\LamXuanVinh_Ad2N\Add2N\Debug\Add2N.lib" /MACHINE:X86 Debug\Add2N.exe.embed.manifest.res
         Debug\Add2N.obj
       Manifest:
         C:\Program Files\Microsoft SDKs\Windows\v7.0A\bin\mt.exe /nologo /verbose /out:"Debug\Add2N.exe.embed.manifest" /manifest Debug\Add2N.exe.intermediate.manifest
         All outputs are up-to-date.
       LinkEmbedManifest:
         All outputs are up-to-date.
         Add2N.vcxproj -> C:\Users\Xv\Documents\Visual Studio 2010\LamXuanVinh_Ad2N\Add2N\Debug\Add2N.exe
       FinalizeBuildStatus:
         Deleting file "Debug\Add2N.unsuccessfulbuild".
         Touching "Debug\Add2N.lastbuildstate".
     1>Done Building Project "C:\Users\Xv\Documents\Visual Studio 2010\LamXuanVinh_Ad2N\Add2N\Add2N\Add2N.vcxproj" (build target(s)).

Build succeeded.

Time Elapsed 00:00:11.39
