Build started 4/17/2012 10:38:54 PM.
     1>Project "D:\practica languages  C#\16-4 lan 2\16-4 lan 2\16-4 lan 2.vcxproj" on node 2 (rebuild target(s)).
     1>_PrepareForClean:
         Deleting file "Debug\16-4 lan 2.lastbuildstate".
       InitializeBuildStatus:
         Creating "Debug\16-4 lan 2.unsuccessfulbuild" because "AlwaysCreate" was specified.
       ClCompile:
         C:\Program Files\Microsoft Visual Studio 10.0\VC\bin\CL.exe /c /ZI /nologo /W3 /WX- /Od /Oy- /D _MBCS /Gm /EHsc /RTC1 /MDd /GS /fp:precise /Zc:wchar_t /Zc:forScope /Fo"Debug\\" /Fd"Debug\vc100.pdb" /Gd /TP /analyze- /errorReport:prompt logic.cpp view.cpp
         view.cpp
     1>d:\practica languages  c#\16-4 lan 2\16-4 lan 2\view.cpp(9): warning C4996: 'getch': The POSIX name for this item is deprecated. Instead, use the ISO C++ conformant name: _getch. See online help for details.
                 c:\program files\microsoft visual studio 10.0\vc\include\conio.h(128) : see declaration of 'getch'
         logic.cpp
         Generating Code...
       Link:
         C:\Program Files\Microsoft Visual Studio 10.0\VC\bin\link.exe /ERRORREPORT:PROMPT /OUT:"D:\practica languages  C#\16-4 lan 2\Debug\16-4 lan 2.exe" /NOLOGO kernel32.lib user32.lib gdi32.lib winspool.lib comdlg32.lib advapi32.lib shell32.lib ole32.lib oleaut32.lib uuid.lib odbc32.lib odbccp32.lib /MANIFEST /ManifestFile:"Debug\16-4 lan 2.exe.intermediate.manifest" /MANIFESTUAC:"level='asInvoker' uiAccess='false'" /DEBUG /PDB:"D:\practica languages  C#\16-4 lan 2\Debug\16-4 lan 2.pdb" /TLBID:1 /DYNAMICBASE /NXCOMPAT /IMPLIB:"D:\practica languages  C#\16-4 lan 2\Debug\16-4 lan 2.lib" /MACHINE:X86 Debug\logic.obj
         Debug\view.obj
         16-4 lan 2.vcxproj -> D:\practica languages  C#\16-4 lan 2\Debug\16-4 lan 2.exe
       Manifest:
         C:\Program Files\Microsoft SDKs\Windows\v7.0A\bin\mt.exe /nologo /verbose /outputresource:"D:\practica languages  C#\16-4 lan 2\Debug\16-4 lan 2.exe;#1" /manifest "Debug\16-4 lan 2.exe.intermediate.manifest"
       FinalizeBuildStatus:
         Deleting file "Debug\16-4 lan 2.unsuccessfulbuild".
         Touching "Debug\16-4 lan 2.lastbuildstate".
     1>Done Building Project "D:\practica languages  C#\16-4 lan 2\16-4 lan 2\16-4 lan 2.vcxproj" (rebuild target(s)).

Build succeeded.

Time Elapsed 00:00:02.06
